<?xml version="1.0" encoding="UTF-8"?>
<!-- Generated by org.testng.reporters.JUnitReportReporter -->
<testsuite hostname="TYSS-Mamatha" failures="0" tests="1" name="login.DemoTestCaseToComparePrize" time="1.353" errors="0" timestamp="2023-11-02T11:38:43 IST" skipped="0">
  <testcase classname="login.DemoTestCaseToComparePrize" name="prizeComparing" time="1.353"/>
  <system-out/>
</testsuite> <!-- login.DemoTestCaseToComparePrize -->
