<?xml version="1.0" encoding="UTF-8"?>
<!-- Generated by org.testng.reporters.JUnitReportReporter -->
<testsuite hostname="TYSS-Mamatha" failures="0" tests="1" name="login.TC_01_Test" time="4.118" errors="0" timestamp="2023-11-04T14:34:32 IST" skipped="0">
  <testcase classname="login.TC_01_Test" name="launchingFlipkart" time="4.118"/>
  <system-out/>
</testsuite> <!-- login.TC_01_Test -->
