<?xml version="1.0" encoding="UTF-8"?>
<!-- Generated by org.testng.reporters.JUnitReportReporter -->
<testsuite hostname="TYSS-Mamatha" failures="0" tests="1" name="login.DemoTC" time="1.640" errors="0" timestamp="2023-11-01T13:57:09 IST" skipped="0">
  <testcase classname="login.DemoTC" name="demo" time="1.640"/>
  <system-out/>
</testsuite> <!-- login.DemoTC -->
