<?xml version="1.0" encoding="UTF-8"?>
<!-- Generated by org.testng.reporters.JUnitReportReporter -->
<testsuite hostname="TYSS-Mamatha" failures="0" tests="1" name="demo.DatProv" time="0.000" errors="0" timestamp="2023-10-26T14:40:46 IST" skipped="1">
  <testcase classname="demo.DatProv" name="demo" time="0.000">
    <skipped/>
  </testcase> <!-- demo -->
  <system-out/>
</testsuite> <!-- demo.DatProv -->
