<?xml version="1.0" encoding="UTF-8"?>
<!-- Generated by org.testng.reporters.JUnitReportReporter -->
<testsuite hostname="TYSS-Mamatha" failures="0" tests="2" name="framewordkWorkCheck.ExcelCheck" time="0.009" errors="0" timestamp="2023-10-27T14:31:19 IST" skipped="0">
  <testcase classname="framewordkWorkCheck.ExcelCheck" name="read" time="0.002"/>
  <system-out/>
  <testcase classname="framewordkWorkCheck.ExcelCheck" name="read" time="0.007"/>
  <system-out/>
</testsuite> <!-- framewordkWorkCheck.ExcelCheck -->
