<?xml version="1.0" encoding="UTF-8"?>
<!-- Generated by org.testng.reporters.JUnitReportReporter -->
<testsuite hostname="TYSS-Mamatha" failures="0" tests="2" name="login.DWS_Login_01_Test" time="5.320" errors="0" timestamp="2023-11-06T16:09:39 IST" skipped="0">
  <testcase classname="login.DWS_Login_01_Test" name="Login_to_application_with_valid_credentials" time="2.986"/>
  <system-out/>
  <testcase classname="login.DWS_Login_01_Test" name="Login_to_application_with_valid_credentials" time="2.334"/>
  <system-out/>
</testsuite> <!-- login.DWS_Login_01_Test -->
